<?xml version="1.0" encoding="UTF-8"?>
<!-- Generated by org.testng.reporters.JUnitXMLReporter -->
<testsuite ignored="0" hostname="DESKTOP-0NGHC4B" failures="1" tests="8" name="Test" time="56.929" errors="0" timestamp="2024-09-09T10:58:44 IST">
  <testcase classname="Exam.baseclass" name="@AfterClass browserclose" time="0.024">
    <failure type="org.openqa.selenium.NoSuchSessionException" message="Session ID is null. Using WebDriver after calling quit()?
Build info: version: &amp;apos;3.141.59&amp;apos;, revision: &amp;apos;e82be7d358&amp;apos;, time: &amp;apos;2018-11-14T08:25:53&amp;apos;
System info: host: &amp;apos;DESKTOP-0NGHC4B&amp;apos;, ip: &amp;apos;192.168.253.1&amp;apos;, os.name: &amp;apos;Windows 11&amp;apos;, os.arch: &amp;apos;amd64&amp;apos;, os.version: &amp;apos;10.0&amp;apos;, java.version: &amp;apos;21.0.2&amp;apos;
Driver info: driver.version: RemoteWebDriver">
      <![CDATA[org.openqa.selenium.NoSuchSessionException: Session ID is null. Using WebDriver after calling quit()?
Build info: version: '3.141.59', revision: 'e82be7d358', time: '2018-11-14T08:25:53'
System info: host: 'DESKTOP-0NGHC4B', ip: '192.168.253.1', os.name: 'Windows 11', os.arch: 'amd64', os.version: '10.0', java.version: '21.0.2'
Driver info: driver.version: RemoteWebDriver
at org.openqa.selenium.remote.HttpCommandExecutor.execute(HttpCommandExecutor.java:125)
at org.openqa.selenium.remote.service.DriverCommandExecutor.execute(DriverCommandExecutor.java:83)
at org.openqa.selenium.remote.RemoteWebDriver.execute(RemoteWebDriver.java:552)
at org.openqa.selenium.remote.RemoteWebDriver.execute(RemoteWebDriver.java:609)
at org.openqa.selenium.remote.RemoteWebDriver.close(RemoteWebDriver.java:442)
at Exam.baseclass.browserclose(baseclass.java:68)
at java.base/java.util.ArrayList.forEach(ArrayList.java:1596)
... Removed 23 stack frames]]>
    </failure>
  </testcase> <!-- @AfterClass browserclose -->
  <testcase classname="Exam.Test4" name="WEtextboxValue" time="0.021">
    <failure type="java.lang.Error" message="Unresolved compilation problem: 
	Type mismatch: cannot convert from void to WebElement
">
      <![CDATA[java.lang.Error: Unresolved compilation problem: 
Type mismatch: cannot convert from void to WebElement

at Exam.Test4.WEtextboxValue(Test4.java:14)
at java.base/java.util.ArrayList.forEach(ArrayList.java:1596)
... Removed 25 stack frames]]>
    </failure>
  </testcase> <!-- WEtextboxValue -->
  <testcase classname="Exam.Test3" name="WEcolor" time="0.106"/>
  <testcase classname="Exam.Test6" name="AllLinks" time="4.323"/>
  <testcase classname="Exam.Test5" name="WEpageURL" time="0.064"/>
  <testcase classname="Exam.Test2" name="WEposition" time="0.163"/>
  <testcase classname="Exam.Test1" name="WEsize" time="0.088"/>
  <testcase classname="Exam.Test8" name="screenshots" time="2.127"/>
  <testcase classname="Exam.Test7" name="dropDowns" time="0.74"/>
</testsuite> <!-- Test -->
