<?xml version="1.0" encoding="UTF-8"?>
<!-- Generated by org.testng.reporters.JUnitXMLReporter -->
<testsuite ignored="0" hostname="DESKTOP-0NGHC4B" failures="0" tests="1" name="EdgeTestTest" time="4.371" errors="0" timestamp="2024-09-09T00:38:46 IST">
  <testcase classname="TestngBatchExecution.BaseClass" name="@BeforeClass browsersetup" time="4.19">
    <failure type="org.openqa.selenium.SessionNotCreatedException" message="session not created: This version of Microsoft Edge WebDriver only supports Microsoft Edge version 126
Current browser version is 128.0.2739.67 with binary path C:\Program Files (x86)\Microsoft\Edge\Application\msedge.exe
Build info: version: &amp;apos;3.141.59&amp;apos;, revision: &amp;apos;e82be7d358&amp;apos;, time: &amp;apos;2018-11-14T08:25:53&amp;apos;
System info: host: &amp;apos;DESKTOP-0NGHC4B&amp;apos;, ip: &amp;apos;192.168.253.1&amp;apos;, os.name: &amp;apos;Windows 11&amp;apos;, os.arch: &amp;apos;amd64&amp;apos;, os.version: &amp;apos;10.0&amp;apos;, java.version: &amp;apos;21.0.2&amp;apos;
Driver info: driver.version: EdgeDriver
remote stacktrace: 	GetHandleVerifier [0x00007FF7C2318132+13538]
	Microsoft::Applications::Events::EventProperty::~EventProperty [0x00007FF7C22A1DE9+595465]
	(No symbol) [0x00007FF7C20BE6CF]
	(No symbol) [0x00007FF7C20F3ECB]
	(No symbol) [0x00007FF7C20F3436]
	(No symbol) [0x00007FF7C20ED8CB]
	(No symbol) [0x00007FF7C20EA0F3]
	(No symbol) [0x00007FF7C212BE27]
	(No symbol) [0x00007FF7C2121C63]
	(No symbol) [0x00007FF7C20F766E]
	(No symbol) [0x00007FF7C20F683C]
	(No symbol) [0x00007FF7C20F7221]
	Microsoft::Applications::Events::EventProperty::to_string [0x00007FF7C24D96D4+1099860]
	Microsoft::Applications::Events::EventProperty::~EventProperty [0x00007FF7C221D8FC+53532]
	Microsoft::Applications::Events::EventProperty::~EventProperty [0x00007FF7C2210E25+1605]
	Microsoft::Applications::Events::EventProperty::to_string [0x00007FF7C24D8665+1095653]
	Microsoft::Applications::Events::ILogConfiguration::operator* [0x00007FF7C22AC961+27777]
	Microsoft::Applications::Events::ILogConfiguration::operator* [0x00007FF7C22A6CE4+4100]
	Microsoft::Applications::Events::ILogConfiguration::operator* [0x00007FF7C22A6E1B+4411]
	Microsoft::Applications::Events::EventProperty::~EventProperty [0x00007FF7C229CFA0+575424]
	BaseThreadInitThunk [0x00007FFFD090257D+29]
	RtlUserThreadStart [0x00007FFFD2B6AF28+40]
">
      <![CDATA[org.openqa.selenium.SessionNotCreatedException: session not created: This version of Microsoft Edge WebDriver only supports Microsoft Edge version 126
Current browser version is 128.0.2739.67 with binary path C:\Program Files (x86)\Microsoft\Edge\Application\msedge.exe
Build info: version: '3.141.59', revision: 'e82be7d358', time: '2018-11-14T08:25:53'
System info: host: 'DESKTOP-0NGHC4B', ip: '192.168.253.1', os.name: 'Windows 11', os.arch: 'amd64', os.version: '10.0', java.version: '21.0.2'
Driver info: driver.version: EdgeDriver
remote stacktrace: GetHandleVerifier [0x00007FF7C2318132+13538]
Microsoft::Applications::Events::EventProperty::~EventProperty [0x00007FF7C22A1DE9+595465]
(No symbol) [0x00007FF7C20BE6CF]
(No symbol) [0x00007FF7C20F3ECB]
(No symbol) [0x00007FF7C20F3436]
(No symbol) [0x00007FF7C20ED8CB]
(No symbol) [0x00007FF7C20EA0F3]
(No symbol) [0x00007FF7C212BE27]
(No symbol) [0x00007FF7C2121C63]
(No symbol) [0x00007FF7C20F766E]
(No symbol) [0x00007FF7C20F683C]
(No symbol) [0x00007FF7C20F7221]
Microsoft::Applications::Events::EventProperty::to_string [0x00007FF7C24D96D4+1099860]
Microsoft::Applications::Events::EventProperty::~EventProperty [0x00007FF7C221D8FC+53532]
Microsoft::Applications::Events::EventProperty::~EventProperty [0x00007FF7C2210E25+1605]
Microsoft::Applications::Events::EventProperty::to_string [0x00007FF7C24D8665+1095653]
Microsoft::Applications::Events::ILogConfiguration::operator* [0x00007FF7C22AC961+27777]
Microsoft::Applications::Events::ILogConfiguration::operator* [0x00007FF7C22A6CE4+4100]
Microsoft::Applications::Events::ILogConfiguration::operator* [0x00007FF7C22A6E1B+4411]
Microsoft::Applications::Events::EventProperty::~EventProperty [0x00007FF7C229CFA0+575424]
BaseThreadInitThunk [0x00007FFFD090257D+29]
RtlUserThreadStart [0x00007FFFD2B6AF28+40]

at org.openqa.selenium.remote.W3CHandshakeResponse.lambda$errorHandler$0(W3CHandshakeResponse.java:62)
at org.openqa.selenium.remote.HandshakeResponse.lambda$getResponseFunction$0(HandshakeResponse.java:30)
at org.openqa.selenium.remote.ProtocolHandshake.lambda$createSession$0(ProtocolHandshake.java:126)
at java.base/java.util.stream.ReferencePipeline$3$1.accept(ReferencePipeline.java:197)
at java.base/java.util.Spliterators$ArraySpliterator.tryAdvance(Spliterators.java:1034)
at java.base/java.util.stream.ReferencePipeline.forEachWithCancel(ReferencePipeline.java:129)
at java.base/java.util.stream.AbstractPipeline.copyIntoWithCancel(AbstractPipeline.java:527)
at java.base/java.util.stream.AbstractPipeline.copyInto(AbstractPipeline.java:513)
at java.base/java.util.stream.AbstractPipeline.wrapAndCopyInto(AbstractPipeline.java:499)
at java.base/java.util.stream.FindOps$FindOp.evaluateSequential(FindOps.java:150)
at java.base/java.util.stream.AbstractPipeline.evaluate(AbstractPipeline.java:234)
at java.base/java.util.stream.ReferencePipeline.findFirst(ReferencePipeline.java:647)
at org.openqa.selenium.remote.ProtocolHandshake.createSession(ProtocolHandshake.java:128)
at org.openqa.selenium.remote.ProtocolHandshake.createSession(ProtocolHandshake.java:74)
at org.openqa.selenium.remote.HttpCommandExecutor.execute(HttpCommandExecutor.java:136)
at org.openqa.selenium.remote.service.DriverCommandExecutor.execute(DriverCommandExecutor.java:83)
at org.openqa.selenium.remote.RemoteWebDriver.execute(RemoteWebDriver.java:552)
at org.openqa.selenium.remote.RemoteWebDriver.startSession(RemoteWebDriver.java:213)
at org.openqa.selenium.remote.RemoteWebDriver.<init>(RemoteWebDriver.java:131)
at org.openqa.selenium.edge.EdgeDriver.<init>(EdgeDriver.java:141)
at org.openqa.selenium.edge.EdgeDriver.<init>(EdgeDriver.java:96)
at TestngBatchExecution.BaseClass.browsersetup(BaseClass.java:43)
at java.base/java.util.ArrayList.forEach(ArrayList.java:1596)
at java.base/java.util.concurrent.FutureTask.run(FutureTask.java:317)
at java.base/java.util.concurrent.ThreadPoolExecutor.runWorker(ThreadPoolExecutor.java:1144)
at java.base/java.util.concurrent.ThreadPoolExecutor$Worker.run(ThreadPoolExecutor.java:642)
at java.base/java.lang.Thread.run(Thread.java:1583)
... Removed 17 stack frames]]>
    </failure>
  </testcase> <!-- @BeforeClass browsersetup -->
  <testcase classname="TestngBatchExecution.BaseClass" name="@BeforeMethod login" time="-1.7258225267E9">
    <skipped/>
  </testcase> <!-- @BeforeMethod login -->
  <testcase classname="TestngBatchExecution.BaseClass" name="@AfterMethod logout" time="-1.725822526755E9">
    <skipped/>
  </testcase> <!-- @AfterMethod logout -->
  <testcase classname="TestngBatchExecution.BaseClass" name="@AfterClass browserclose" time="-1.725822526774E9">
    <skipped/>
  </testcase> <!-- @AfterClass browserclose -->
  <testcase classname="TestngBatchExecution.Test1" name="addproduct" time="0.0">
    <skipped/>
  </testcase> <!-- addproduct -->
</testsuite> <!-- EdgeTestTest -->
