<?xml version="1.0" encoding="UTF-8"?>
<!-- Generated by org.testng.reporters.JUnitXMLReporter -->
<testsuite ignored="0" hostname="DESKTOP-0NGHC4B" failures="0" tests="1" name="FirefoxTest" time="0.261" errors="0" timestamp="2024-09-09T00:37:15 IST">
  <testcase classname="TestngBatchExecution.BaseClass" name="@BeforeClass browsersetup" time="-1.725822435046E9">
    <failure type="org.testng.TestNGException" message="
Parameter &amp;apos;browser&amp;apos; is required by BeforeClass on method browsersetup but has not been marked @Optional or defined
in E:\JFFCJD-M52\Learning Selenium\Suitefiles\CrossBrowserParallelExecution.xml">
      <![CDATA[org.testng.TestNGException: 
Parameter 'browser' is required by BeforeClass on method browsersetup but has not been marked @Optional or defined
in E:\JFFCJD-M52\Learning Selenium\Suitefiles\CrossBrowserParallelExecution.xml
at java.base/java.util.ArrayList.forEach(ArrayList.java:1596)
at java.base/java.util.concurrent.FutureTask.run(FutureTask.java:317)
at java.base/java.util.concurrent.ThreadPoolExecutor.runWorker(ThreadPoolExecutor.java:1144)
at java.base/java.util.concurrent.ThreadPoolExecutor$Worker.run(ThreadPoolExecutor.java:642)
at java.base/java.lang.Thread.run(Thread.java:1583)
... Removed 13 stack frames]]>
    </failure>
  </testcase> <!-- @BeforeClass browsersetup -->
  <testcase classname="TestngBatchExecution.BaseClass" name="@BeforeMethod login" time="-1.725822435104E9">
    <skipped/>
  </testcase> <!-- @BeforeMethod login -->
  <testcase classname="TestngBatchExecution.BaseClass" name="@AfterMethod logout" time="-1.725822435121E9">
    <skipped/>
  </testcase> <!-- @AfterMethod logout -->
  <testcase classname="TestngBatchExecution.BaseClass" name="@AfterClass browserclose" time="-1.725822435127E9">
    <skipped/>
  </testcase> <!-- @AfterClass browserclose -->
  <testcase classname="TestngBatchExecution.BaseClass" name="@BeforeClass browsersetup" time="0.176">
    <failure type="org.openqa.selenium.WebDriverException" message="Cannot find firefox binary in PATH. Make sure firefox is installed. OS appears to be: XP
Build info: version: &amp;apos;3.141.59&amp;apos;, revision: &amp;apos;e82be7d358&amp;apos;, time: &amp;apos;2018-11-14T08:25:53&amp;apos;
System info: host: &amp;apos;DESKTOP-0NGHC4B&amp;apos;, ip: &amp;apos;192.168.253.1&amp;apos;, os.name: &amp;apos;Windows 11&amp;apos;, os.arch: &amp;apos;amd64&amp;apos;, os.version: &amp;apos;10.0&amp;apos;, java.version: &amp;apos;21.0.2&amp;apos;
Driver info: driver.version: FirefoxDriver">
      <![CDATA[org.openqa.selenium.WebDriverException: Cannot find firefox binary in PATH. Make sure firefox is installed. OS appears to be: XP
Build info: version: '3.141.59', revision: 'e82be7d358', time: '2018-11-14T08:25:53'
System info: host: 'DESKTOP-0NGHC4B', ip: '192.168.253.1', os.name: 'Windows 11', os.arch: 'amd64', os.version: '10.0', java.version: '21.0.2'
Driver info: driver.version: FirefoxDriver
at org.openqa.selenium.firefox.FirefoxBinary.<init>(FirefoxBinary.java:100)
at java.base/java.util.Optional.orElseGet(Optional.java:364)
at org.openqa.selenium.firefox.FirefoxOptions.getBinary(FirefoxOptions.java:216)
at org.openqa.selenium.firefox.FirefoxDriver.toExecutor(FirefoxDriver.java:187)
at org.openqa.selenium.firefox.FirefoxDriver.<init>(FirefoxDriver.java:147)
at org.openqa.selenium.firefox.FirefoxDriver.<init>(FirefoxDriver.java:125)
at TestngBatchExecution.BaseClass.browsersetup(BaseClass.java:40)
at java.base/java.util.ArrayList.forEach(ArrayList.java:1596)
at java.base/java.util.concurrent.FutureTask.run(FutureTask.java:317)
at java.base/java.util.concurrent.ThreadPoolExecutor.runWorker(ThreadPoolExecutor.java:1144)
at java.base/java.util.concurrent.ThreadPoolExecutor$Worker.run(ThreadPoolExecutor.java:642)
at java.base/java.lang.Thread.run(Thread.java:1583)
... Removed 14 stack frames]]>
    </failure>
  </testcase> <!-- @BeforeClass browsersetup -->
  <testcase classname="TestngBatchExecution.BaseClass" name="@BeforeMethod login" time="-1.725822435262E9">
    <skipped/>
  </testcase> <!-- @BeforeMethod login -->
  <testcase classname="TestngBatchExecution.BaseClass" name="@AfterMethod logout" time="-1.725822435274E9">
    <skipped/>
  </testcase> <!-- @AfterMethod logout -->
  <testcase classname="TestngBatchExecution.BaseClass" name="@AfterClass browserclose" time="-1.725822435277E9">
    <skipped/>
  </testcase> <!-- @AfterClass browserclose -->
  <testcase classname="TestngBatchExecution.Test1" name="addproduct" time="0.0">
    <skipped/>
  </testcase> <!-- addproduct -->
</testsuite> <!-- FirefoxTest -->
