<?xml version="1.0" encoding="UTF-8"?>
<testng-results ignored="0" total="3" passed="3" failed="0" skipped="0">
  <reporter-output>
    <line>
      <![CDATA[Browser Setup Success]]>
    </line>
    <line>
      <![CDATA[login Completed]]>
    </line>
    <line>
      <![CDATA[Product Added Success--Test--1]]>
    </line>
    <line>
      <![CDATA[Logout Sucess]]>
    </line>
    <line>
      <![CDATA[Browser Closwed Success]]>
    </line>
    <line>
      <![CDATA[Browser Setup Success]]>
    </line>
    <line>
      <![CDATA[login Completed]]>
    </line>
    <line>
      <![CDATA[Product Added Success--Test--2]]>
    </line>
    <line>
      <![CDATA[Logout Sucess]]>
    </line>
    <line>
      <![CDATA[Browser Setup Success]]>
    </line>
    <line>
      <![CDATA[login Completed]]>
    </line>
    <line>
      <![CDATA[Product Added Success--Test--3]]>
    </line>
    <line>
      <![CDATA[Logout Sucess]]>
    </line>
  </reporter-output>
  <suite started-at="2024-10-23T08:22:07 IST" name="Suite_BatchExecution" finished-at="2024-10-23T08:22:24 IST" duration-ms="16997">
    <groups>
    </groups>
    <test started-at="2024-10-23T08:22:07 IST" name="ChromeTest" finished-at="2024-10-23T08:22:24 IST" duration-ms="16997">
      <class name="TestngBatchExecution.Test3">
        <test-method is-config="true" signature="browsersetup(java.lang.String)[pri:0, instance:TestngBatchExecution.Test3@2f7298b]" started-at="2024-10-23T08:22:19 IST" name="browsersetup" finished-at="2024-10-23T08:22:24 IST" duration-ms="4292" status="PASS">
          <params>
            <param index="0">
              <value>
                <![CDATA[chrome]]>
              </value>
            </param>
          </params>
          <reporter-output>
            <line>
              <![CDATA[Browser Setup Success]]>
            </line>
          </reporter-output>
        </test-method> <!-- browsersetup -->
        <test-method is-config="true" signature="login()[pri:0, instance:TestngBatchExecution.Test3@2f7298b]" started-at="2024-10-23T08:22:24 IST" name="login" finished-at="2024-10-23T08:22:24 IST" duration-ms="0" status="PASS">
          <reporter-output>
            <line>
              <![CDATA[login Completed]]>
            </line>
          </reporter-output>
        </test-method> <!-- login -->
        <test-method signature="addproduct()[pri:0, instance:TestngBatchExecution.Test3@2f7298b]" started-at="2024-10-23T08:22:24 IST" name="addproduct" finished-at="2024-10-23T08:22:24 IST" duration-ms="34" status="PASS">
          <reporter-output>
            <line>
              <![CDATA[Product Added Success--Test--3]]>
            </line>
          </reporter-output>
        </test-method> <!-- addproduct -->
        <test-method is-config="true" signature="logout()[pri:0, instance:TestngBatchExecution.Test3@2f7298b]" started-at="2024-10-23T08:22:24 IST" name="logout" finished-at="2024-10-23T08:22:24 IST" duration-ms="1" status="PASS">
          <reporter-output>
            <line>
              <![CDATA[Logout Sucess]]>
            </line>
          </reporter-output>
        </test-method> <!-- logout -->
        <test-method is-config="true" signature="browserclose()[pri:0, instance:TestngBatchExecution.Test3@2f7298b]" started-at="2024-10-23T08:22:24 IST" name="browserclose" finished-at="2024-10-23T08:22:24 IST" duration-ms="125" status="FAIL">
          <exception class="org.openqa.selenium.WebDriverException">
            <message>
              <![CDATA[disconnected: Unable to receive message from renderer
  (failed to check if window was closed: disconnected: not connected to DevTools)
  (Session info: chrome=130.0.6723.59)
Build info: version: '3.141.59', revision: 'e82be7d358', time: '2018-11-14T08:25:53'
System info: host: 'DESKTOP-0NGHC4B', ip: '192.168.253.1', os.name: 'Windows 11', os.arch: 'amd64', os.version: '10.0', java.version: '21.0.2'
Driver info: org.openqa.selenium.chrome.ChromeDriver
Capabilities {acceptInsecureCerts: false, browserName: chrome, browserVersion: 130.0.6723.59, chrome: {chromedriverVersion: 130.0.6723.58 (3a50e012e4c9..., userDataDir: C:\Users\Windows\AppData\Lo...}, fedcm:accounts: true, goog:chromeOptions: {debuggerAddress: localhost:50687}, javascriptEnabled: true, networkConnectionEnabled: false, pageLoadStrategy: normal, platform: WINDOWS, platformName: WINDOWS, proxy: Proxy(), setWindowRect: true, strictFileInteractability: false, timeouts: {implicit: 0, pageLoad: 300000, script: 30000}, unhandledPromptBehavior: dismiss and notify, webauthn:extension:credBlob: true, webauthn:extension:largeBlob: true, webauthn:extension:minPinLength: true, webauthn:extension:prf: true, webauthn:virtualAuthenticators: true}
Session ID: 5e25d93ef9e2a18bbd1da3cadf87064f]]>
            </message>
            <full-stacktrace>
              <![CDATA[org.openqa.selenium.WebDriverException: disconnected: Unable to receive message from renderer
  (failed to check if window was closed: disconnected: not connected to DevTools)
  (Session info: chrome=130.0.6723.59)
Build info: version: '3.141.59', revision: 'e82be7d358', time: '2018-11-14T08:25:53'
System info: host: 'DESKTOP-0NGHC4B', ip: '192.168.253.1', os.name: 'Windows 11', os.arch: 'amd64', os.version: '10.0', java.version: '21.0.2'
Driver info: org.openqa.selenium.chrome.ChromeDriver
Capabilities {acceptInsecureCerts: false, browserName: chrome, browserVersion: 130.0.6723.59, chrome: {chromedriverVersion: 130.0.6723.58 (3a50e012e4c9..., userDataDir: C:\Users\Windows\AppData\Lo...}, fedcm:accounts: true, goog:chromeOptions: {debuggerAddress: localhost:50687}, javascriptEnabled: true, networkConnectionEnabled: false, pageLoadStrategy: normal, platform: WINDOWS, platformName: WINDOWS, proxy: Proxy(), setWindowRect: true, strictFileInteractability: false, timeouts: {implicit: 0, pageLoad: 300000, script: 30000}, unhandledPromptBehavior: dismiss and notify, webauthn:extension:credBlob: true, webauthn:extension:largeBlob: true, webauthn:extension:minPinLength: true, webauthn:extension:prf: true, webauthn:virtualAuthenticators: true}
Session ID: 5e25d93ef9e2a18bbd1da3cadf87064f
at java.base/jdk.internal.reflect.DirectConstructorHandleAccessor.newInstance(DirectConstructorHandleAccessor.java:62)
at java.base/java.lang.reflect.Constructor.newInstanceWithCaller(Constructor.java:502)
at java.base/java.lang.reflect.Constructor.newInstance(Constructor.java:486)
at org.openqa.selenium.remote.http.W3CHttpResponseCodec.createException(W3CHttpResponseCodec.java:187)
at org.openqa.selenium.remote.http.W3CHttpResponseCodec.decode(W3CHttpResponseCodec.java:122)
at org.openqa.selenium.remote.http.W3CHttpResponseCodec.decode(W3CHttpResponseCodec.java:49)
at org.openqa.selenium.remote.HttpCommandExecutor.execute(HttpCommandExecutor.java:158)
at org.openqa.selenium.remote.service.DriverCommandExecutor.execute(DriverCommandExecutor.java:83)
at org.openqa.selenium.remote.RemoteWebDriver.execute(RemoteWebDriver.java:552)
at org.openqa.selenium.remote.RemoteWebDriver.execute(RemoteWebDriver.java:609)
at org.openqa.selenium.remote.RemoteWebDriver.close(RemoteWebDriver.java:442)
at TestngBatchExecution.BaseClass.browserclose(BaseClass.java:74)
at java.base/jdk.internal.reflect.DirectMethodHandleAccessor.invoke(DirectMethodHandleAccessor.java:103)
at java.base/java.lang.reflect.Method.invoke(Method.java:580)
at org.testng.internal.MethodInvocationHelper.invokeMethod(MethodInvocationHelper.java:133)
at org.testng.internal.MethodInvocationHelper.invokeMethodConsideringTimeout(MethodInvocationHelper.java:62)
at org.testng.internal.ConfigInvoker.invokeConfigurationMethod(ConfigInvoker.java:385)
at org.testng.internal.ConfigInvoker.invokeConfigurations(ConfigInvoker.java:321)
at org.testng.internal.TestMethodWorker.invokeAfterClassMethods(TestMethodWorker.java:217)
at org.testng.internal.TestMethodWorker.run(TestMethodWorker.java:130)
at java.base/java.util.ArrayList.forEach(ArrayList.java:1596)
at org.testng.TestRunner.privateRun(TestRunner.java:794)
at org.testng.TestRunner.run(TestRunner.java:596)
at org.testng.SuiteRunner.runTest(SuiteRunner.java:377)
at org.testng.SuiteRunner.runSequentially(SuiteRunner.java:371)
at org.testng.SuiteRunner.privateRun(SuiteRunner.java:332)
at org.testng.SuiteRunner.run(SuiteRunner.java:276)
at org.testng.SuiteRunnerWorker.runSuite(SuiteRunnerWorker.java:53)
at org.testng.SuiteRunnerWorker.run(SuiteRunnerWorker.java:96)
at org.testng.TestNG.runSuitesSequentially(TestNG.java:1212)
at org.testng.TestNG.runSuitesLocally(TestNG.java:1134)
at org.testng.TestNG.runSuites(TestNG.java:1063)
at org.testng.TestNG.run(TestNG.java:1031)
at org.testng.remote.AbstractRemoteTestNG.run(AbstractRemoteTestNG.java:115)
at org.testng.remote.RemoteTestNG.initAndRun(RemoteTestNG.java:293)
at org.testng.remote.RemoteTestNG.main(RemoteTestNG.java:91)
]]>
            </full-stacktrace>
          </exception> <!-- org.openqa.selenium.WebDriverException -->
          <reporter-output>
          </reporter-output>
        </test-method> <!-- browserclose -->
      </class> <!-- TestngBatchExecution.Test3 -->
      <class name="TestngBatchExecution.Test1">
        <test-method is-config="true" signature="browsersetup(java.lang.String)[pri:0, instance:TestngBatchExecution.Test1@619713e5]" started-at="2024-10-23T08:22:07 IST" name="browsersetup" finished-at="2024-10-23T08:22:15 IST" duration-ms="7704" status="PASS">
          <params>
            <param index="0">
              <value>
                <![CDATA[chrome]]>
              </value>
            </param>
          </params>
          <reporter-output>
            <line>
              <![CDATA[Browser Setup Success]]>
            </line>
          </reporter-output>
        </test-method> <!-- browsersetup -->
        <test-method is-config="true" signature="login()[pri:0, instance:TestngBatchExecution.Test1@619713e5]" started-at="2024-10-23T08:22:15 IST" name="login" finished-at="2024-10-23T08:22:15 IST" duration-ms="2" status="PASS">
          <reporter-output>
            <line>
              <![CDATA[login Completed]]>
            </line>
          </reporter-output>
        </test-method> <!-- login -->
        <test-method signature="addproduct()[pri:0, instance:TestngBatchExecution.Test1@619713e5]" started-at="2024-10-23T08:22:15 IST" name="addproduct" finished-at="2024-10-23T08:22:15 IST" duration-ms="15" status="PASS">
          <reporter-output>
            <line>
              <![CDATA[Product Added Success--Test--1]]>
            </line>
          </reporter-output>
        </test-method> <!-- addproduct -->
        <test-method is-config="true" signature="logout()[pri:0, instance:TestngBatchExecution.Test1@619713e5]" started-at="2024-10-23T08:22:15 IST" name="logout" finished-at="2024-10-23T08:22:15 IST" duration-ms="4" status="PASS">
          <reporter-output>
            <line>
              <![CDATA[Logout Sucess]]>
            </line>
          </reporter-output>
        </test-method> <!-- logout -->
        <test-method is-config="true" signature="browserclose()[pri:0, instance:TestngBatchExecution.Test1@619713e5]" started-at="2024-10-23T08:22:15 IST" name="browserclose" finished-at="2024-10-23T08:22:15 IST" duration-ms="268" status="PASS">
          <reporter-output>
            <line>
              <![CDATA[Browser Closwed Success]]>
            </line>
          </reporter-output>
        </test-method> <!-- browserclose -->
      </class> <!-- TestngBatchExecution.Test1 -->
      <class name="TestngBatchExecution.Test2">
        <test-method is-config="true" signature="browsersetup(java.lang.String)[pri:0, instance:TestngBatchExecution.Test2@16ec5519]" started-at="2024-10-23T08:22:15 IST" name="browsersetup" finished-at="2024-10-23T08:22:19 IST" duration-ms="4282" status="PASS">
          <params>
            <param index="0">
              <value>
                <![CDATA[chrome]]>
              </value>
            </param>
          </params>
          <reporter-output>
            <line>
              <![CDATA[Browser Setup Success]]>
            </line>
          </reporter-output>
        </test-method> <!-- browsersetup -->
        <test-method is-config="true" signature="login()[pri:0, instance:TestngBatchExecution.Test2@16ec5519]" started-at="2024-10-23T08:22:19 IST" name="login" finished-at="2024-10-23T08:22:19 IST" duration-ms="2" status="PASS">
          <reporter-output>
            <line>
              <![CDATA[login Completed]]>
            </line>
          </reporter-output>
        </test-method> <!-- login -->
        <test-method signature="addproduct()[pri:0, instance:TestngBatchExecution.Test2@16ec5519]" started-at="2024-10-23T08:22:19 IST" name="addproduct" finished-at="2024-10-23T08:22:19 IST" duration-ms="16" status="PASS">
          <reporter-output>
            <line>
              <![CDATA[Product Added Success--Test--2]]>
            </line>
          </reporter-output>
        </test-method> <!-- addproduct -->
        <test-method is-config="true" signature="logout()[pri:0, instance:TestngBatchExecution.Test2@16ec5519]" started-at="2024-10-23T08:22:19 IST" name="logout" finished-at="2024-10-23T08:22:19 IST" duration-ms="2" status="PASS">
          <reporter-output>
            <line>
              <![CDATA[Logout Sucess]]>
            </line>
          </reporter-output>
        </test-method> <!-- logout -->
        <test-method is-config="true" signature="browserclose()[pri:0, instance:TestngBatchExecution.Test2@16ec5519]" started-at="2024-10-23T08:22:19 IST" name="browserclose" finished-at="2024-10-23T08:22:19 IST" duration-ms="113" status="FAIL">
          <exception class="org.openqa.selenium.WebDriverException">
            <message>
              <![CDATA[disconnected: Unable to receive message from renderer
  (failed to check if window was closed: disconnected: not connected to DevTools)
  (Session info: chrome=130.0.6723.59)
Build info: version: '3.141.59', revision: 'e82be7d358', time: '2018-11-14T08:25:53'
System info: host: 'DESKTOP-0NGHC4B', ip: '192.168.253.1', os.name: 'Windows 11', os.arch: 'amd64', os.version: '10.0', java.version: '21.0.2'
Driver info: org.openqa.selenium.chrome.ChromeDriver
Capabilities {acceptInsecureCerts: false, browserName: chrome, browserVersion: 130.0.6723.59, chrome: {chromedriverVersion: 130.0.6723.58 (3a50e012e4c9..., userDataDir: C:\Users\Windows\AppData\Lo...}, fedcm:accounts: true, goog:chromeOptions: {debuggerAddress: localhost:50654}, javascriptEnabled: true, networkConnectionEnabled: false, pageLoadStrategy: normal, platform: WINDOWS, platformName: WINDOWS, proxy: Proxy(), setWindowRect: true, strictFileInteractability: false, timeouts: {implicit: 0, pageLoad: 300000, script: 30000}, unhandledPromptBehavior: dismiss and notify, webauthn:extension:credBlob: true, webauthn:extension:largeBlob: true, webauthn:extension:minPinLength: true, webauthn:extension:prf: true, webauthn:virtualAuthenticators: true}
Session ID: daef8ca5ddc48a17e741c12a9d49a90c]]>
            </message>
            <full-stacktrace>
              <![CDATA[org.openqa.selenium.WebDriverException: disconnected: Unable to receive message from renderer
  (failed to check if window was closed: disconnected: not connected to DevTools)
  (Session info: chrome=130.0.6723.59)
Build info: version: '3.141.59', revision: 'e82be7d358', time: '2018-11-14T08:25:53'
System info: host: 'DESKTOP-0NGHC4B', ip: '192.168.253.1', os.name: 'Windows 11', os.arch: 'amd64', os.version: '10.0', java.version: '21.0.2'
Driver info: org.openqa.selenium.chrome.ChromeDriver
Capabilities {acceptInsecureCerts: false, browserName: chrome, browserVersion: 130.0.6723.59, chrome: {chromedriverVersion: 130.0.6723.58 (3a50e012e4c9..., userDataDir: C:\Users\Windows\AppData\Lo...}, fedcm:accounts: true, goog:chromeOptions: {debuggerAddress: localhost:50654}, javascriptEnabled: true, networkConnectionEnabled: false, pageLoadStrategy: normal, platform: WINDOWS, platformName: WINDOWS, proxy: Proxy(), setWindowRect: true, strictFileInteractability: false, timeouts: {implicit: 0, pageLoad: 300000, script: 30000}, unhandledPromptBehavior: dismiss and notify, webauthn:extension:credBlob: true, webauthn:extension:largeBlob: true, webauthn:extension:minPinLength: true, webauthn:extension:prf: true, webauthn:virtualAuthenticators: true}
Session ID: daef8ca5ddc48a17e741c12a9d49a90c
at java.base/jdk.internal.reflect.DirectConstructorHandleAccessor.newInstance(DirectConstructorHandleAccessor.java:62)
at java.base/java.lang.reflect.Constructor.newInstanceWithCaller(Constructor.java:502)
at java.base/java.lang.reflect.Constructor.newInstance(Constructor.java:486)
at org.openqa.selenium.remote.http.W3CHttpResponseCodec.createException(W3CHttpResponseCodec.java:187)
at org.openqa.selenium.remote.http.W3CHttpResponseCodec.decode(W3CHttpResponseCodec.java:122)
at org.openqa.selenium.remote.http.W3CHttpResponseCodec.decode(W3CHttpResponseCodec.java:49)
at org.openqa.selenium.remote.HttpCommandExecutor.execute(HttpCommandExecutor.java:158)
at org.openqa.selenium.remote.service.DriverCommandExecutor.execute(DriverCommandExecutor.java:83)
at org.openqa.selenium.remote.RemoteWebDriver.execute(RemoteWebDriver.java:552)
at org.openqa.selenium.remote.RemoteWebDriver.execute(RemoteWebDriver.java:609)
at org.openqa.selenium.remote.RemoteWebDriver.close(RemoteWebDriver.java:442)
at TestngBatchExecution.BaseClass.browserclose(BaseClass.java:74)
at java.base/jdk.internal.reflect.DirectMethodHandleAccessor.invoke(DirectMethodHandleAccessor.java:103)
at java.base/java.lang.reflect.Method.invoke(Method.java:580)
at org.testng.internal.MethodInvocationHelper.invokeMethod(MethodInvocationHelper.java:133)
at org.testng.internal.MethodInvocationHelper.invokeMethodConsideringTimeout(MethodInvocationHelper.java:62)
at org.testng.internal.ConfigInvoker.invokeConfigurationMethod(ConfigInvoker.java:385)
at org.testng.internal.ConfigInvoker.invokeConfigurations(ConfigInvoker.java:321)
at org.testng.internal.TestMethodWorker.invokeAfterClassMethods(TestMethodWorker.java:217)
at org.testng.internal.TestMethodWorker.run(TestMethodWorker.java:130)
at java.base/java.util.ArrayList.forEach(ArrayList.java:1596)
at org.testng.TestRunner.privateRun(TestRunner.java:794)
at org.testng.TestRunner.run(TestRunner.java:596)
at org.testng.SuiteRunner.runTest(SuiteRunner.java:377)
at org.testng.SuiteRunner.runSequentially(SuiteRunner.java:371)
at org.testng.SuiteRunner.privateRun(SuiteRunner.java:332)
at org.testng.SuiteRunner.run(SuiteRunner.java:276)
at org.testng.SuiteRunnerWorker.runSuite(SuiteRunnerWorker.java:53)
at org.testng.SuiteRunnerWorker.run(SuiteRunnerWorker.java:96)
at org.testng.TestNG.runSuitesSequentially(TestNG.java:1212)
at org.testng.TestNG.runSuitesLocally(TestNG.java:1134)
at org.testng.TestNG.runSuites(TestNG.java:1063)
at org.testng.TestNG.run(TestNG.java:1031)
at org.testng.remote.AbstractRemoteTestNG.run(AbstractRemoteTestNG.java:115)
at org.testng.remote.RemoteTestNG.initAndRun(RemoteTestNG.java:293)
at org.testng.remote.RemoteTestNG.main(RemoteTestNG.java:91)
]]>
            </full-stacktrace>
          </exception> <!-- org.openqa.selenium.WebDriverException -->
          <reporter-output>
          </reporter-output>
        </test-method> <!-- browserclose -->
      </class> <!-- TestngBatchExecution.Test2 -->
    </test> <!-- ChromeTest -->
  </suite> <!-- Suite_BatchExecution -->
</testng-results>
